[2023-05-30 01:32:43,442] {taskinstance.py:1159} INFO - Dependencies all met for <TaskInstance: ML_data_pipeline_demo.feature_engineering manual__2023-05-30T01:11:48.916005+00:00 [queued]>
[2023-05-30 01:32:43,458] {taskinstance.py:1159} INFO - Dependencies all met for <TaskInstance: ML_data_pipeline_demo.feature_engineering manual__2023-05-30T01:11:48.916005+00:00 [queued]>
[2023-05-30 01:32:43,459] {taskinstance.py:1356} INFO - 
--------------------------------------------------------------------------------
[2023-05-30 01:32:43,461] {taskinstance.py:1357} INFO - Starting attempt 1 of 1
[2023-05-30 01:32:43,462] {taskinstance.py:1358} INFO - 
--------------------------------------------------------------------------------
[2023-05-30 01:32:43,481] {taskinstance.py:1377} INFO - Executing <Task(PythonOperator): feature_engineering> on 2023-05-30 01:11:48.916005+00:00
[2023-05-30 01:32:43,496] {standard_task_runner.py:52} INFO - Started process 13279 to run task
[2023-05-30 01:32:43,502] {standard_task_runner.py:79} INFO - Running: ['***', 'tasks', 'run', 'ML_data_pipeline_demo', 'feature_engineering', 'manual__2023-05-30T01:11:48.916005+00:00', '--job-id', '4', '--raw', '--subdir', 'DAGS_FOLDER/my_dag.py', '--cfg-path', '/tmp/tmp8fw_7z6p', '--error-file', '/tmp/tmpklxxuang']
[2023-05-30 01:32:43,504] {standard_task_runner.py:80} INFO - Job 4: Subtask feature_engineering
[2023-05-30 01:32:43,591] {task_command.py:369} INFO - Running <TaskInstance: ML_data_pipeline_demo.feature_engineering manual__2023-05-30T01:11:48.916005+00:00 [running]> on host f3a1a3497169
[2023-05-30 01:32:43,704] {taskinstance.py:1571} INFO - Exporting the following env vars:
AIRFLOW_CTX_DAG_OWNER=***
AIRFLOW_CTX_DAG_ID=ML_data_pipeline_demo
AIRFLOW_CTX_TASK_ID=feature_engineering
AIRFLOW_CTX_EXECUTION_DATE=2023-05-30T01:11:48.916005+00:00
AIRFLOW_CTX_TRY_NUMBER=1
AIRFLOW_CTX_DAG_RUN_ID=manual__2023-05-30T01:11:48.916005+00:00
[2023-05-30 01:39:52,962] {python.py:173} INFO - Done. Returned value was: None
[2023-05-30 01:39:53,069] {taskinstance.py:1400} INFO - Marking task as SUCCESS. dag_id=ML_data_pipeline_demo, task_id=feature_engineering, execution_date=20230530T011148, start_date=20230530T013243, end_date=20230530T013953
[2023-05-30 01:39:53,174] {local_task_job.py:156} INFO - Task exited with return code 0
[2023-05-30 01:39:53,249] {local_task_job.py:273} INFO - 1 downstream tasks scheduled from follow-on schedule check
