[2023-05-29 01:12:07,095] {taskinstance.py:1159} INFO - Dependencies all met for <TaskInstance: ML_data_pipeline_demo.download_raw_data manual__2023-05-29T01:12:03.813362+00:00 [queued]>
[2023-05-29 01:12:07,118] {taskinstance.py:1159} INFO - Dependencies all met for <TaskInstance: ML_data_pipeline_demo.download_raw_data manual__2023-05-29T01:12:03.813362+00:00 [queued]>
[2023-05-29 01:12:07,121] {taskinstance.py:1356} INFO - 
--------------------------------------------------------------------------------
[2023-05-29 01:12:07,123] {taskinstance.py:1357} INFO - Starting attempt 1 of 1
[2023-05-29 01:12:07,125] {taskinstance.py:1358} INFO - 
--------------------------------------------------------------------------------
[2023-05-29 01:12:07,157] {taskinstance.py:1377} INFO - Executing <Task(PythonOperator): download_raw_data> on 2023-05-29 01:12:03.813362+00:00
[2023-05-29 01:12:07,169] {standard_task_runner.py:52} INFO - Started process 17667 to run task
[2023-05-29 01:12:07,190] {standard_task_runner.py:79} INFO - Running: ['***', 'tasks', 'run', 'ML_data_pipeline_demo', 'download_raw_data', 'manual__2023-05-29T01:12:03.813362+00:00', '--job-id', '8', '--raw', '--subdir', 'DAGS_FOLDER/my_dag.py', '--cfg-path', '/tmp/tmpo1qy9cu8', '--error-file', '/tmp/tmpcy4_4hbb']
[2023-05-29 01:12:07,194] {standard_task_runner.py:80} INFO - Job 8: Subtask download_raw_data
[2023-05-29 01:12:07,334] {task_command.py:369} INFO - Running <TaskInstance: ML_data_pipeline_demo.download_raw_data manual__2023-05-29T01:12:03.813362+00:00 [running]> on host e6406d4dfe47
[2023-05-29 01:12:07,545] {taskinstance.py:1571} INFO - Exporting the following env vars:
AIRFLOW_CTX_DAG_OWNER=***
AIRFLOW_CTX_DAG_ID=ML_data_pipeline_demo
AIRFLOW_CTX_TASK_ID=download_raw_data
AIRFLOW_CTX_EXECUTION_DATE=2023-05-29T01:12:03.813362+00:00
AIRFLOW_CTX_TRY_NUMBER=1
AIRFLOW_CTX_DAG_RUN_ID=manual__2023-05-29T01:12:03.813362+00:00
[2023-05-29 01:19:41,339] {python.py:173} INFO - Done. Returned value was: None
[2023-05-29 01:19:41,609] {taskinstance.py:1400} INFO - Marking task as SUCCESS. dag_id=ML_data_pipeline_demo, task_id=download_raw_data, execution_date=20230529T011203, start_date=20230529T011207, end_date=20230529T011941
[2023-05-29 01:19:43,339] {local_task_job.py:156} INFO - Task exited with return code 0
[2023-05-29 01:19:43,651] {local_task_job.py:273} INFO - 0 downstream tasks scheduled from follow-on schedule check
