[2023-05-30 01:39:55,602] {taskinstance.py:1159} INFO - Dependencies all met for <TaskInstance: ML_data_pipeline_demo.model_training manual__2023-05-30T01:11:48.916005+00:00 [queued]>
[2023-05-30 01:39:55,616] {taskinstance.py:1159} INFO - Dependencies all met for <TaskInstance: ML_data_pipeline_demo.model_training manual__2023-05-30T01:11:48.916005+00:00 [queued]>
[2023-05-30 01:39:55,617] {taskinstance.py:1356} INFO - 
--------------------------------------------------------------------------------
[2023-05-30 01:39:55,619] {taskinstance.py:1357} INFO - Starting attempt 1 of 1
[2023-05-30 01:39:55,620] {taskinstance.py:1358} INFO - 
--------------------------------------------------------------------------------
[2023-05-30 01:39:55,641] {taskinstance.py:1377} INFO - Executing <Task(PythonOperator): model_training> on 2023-05-30 01:11:48.916005+00:00
[2023-05-30 01:39:55,652] {standard_task_runner.py:52} INFO - Started process 27391 to run task
[2023-05-30 01:39:55,666] {standard_task_runner.py:79} INFO - Running: ['***', 'tasks', 'run', 'ML_data_pipeline_demo', 'model_training', 'manual__2023-05-30T01:11:48.916005+00:00', '--job-id', '5', '--raw', '--subdir', 'DAGS_FOLDER/my_dag.py', '--cfg-path', '/tmp/tmpzhhatpmc', '--error-file', '/tmp/tmp5zngpvs5']
[2023-05-30 01:39:55,669] {standard_task_runner.py:80} INFO - Job 5: Subtask model_training
[2023-05-30 01:39:55,765] {task_command.py:369} INFO - Running <TaskInstance: ML_data_pipeline_demo.model_training manual__2023-05-30T01:11:48.916005+00:00 [running]> on host f3a1a3497169
[2023-05-30 01:39:55,881] {taskinstance.py:1571} INFO - Exporting the following env vars:
AIRFLOW_CTX_DAG_OWNER=***
AIRFLOW_CTX_DAG_ID=ML_data_pipeline_demo
AIRFLOW_CTX_TASK_ID=model_training
AIRFLOW_CTX_EXECUTION_DATE=2023-05-30T01:11:48.916005+00:00
AIRFLOW_CTX_TRY_NUMBER=1
AIRFLOW_CTX_DAG_RUN_ID=manual__2023-05-30T01:11:48.916005+00:00
[2023-05-30 01:41:52,401] {python.py:173} INFO - Done. Returned value was: None
[2023-05-30 01:41:52,759] {taskinstance.py:1400} INFO - Marking task as SUCCESS. dag_id=ML_data_pipeline_demo, task_id=model_training, execution_date=20230530T011148, start_date=20230530T013955, end_date=20230530T014152
[2023-05-30 01:41:53,961] {local_task_job.py:156} INFO - Task exited with return code 0
[2023-05-30 01:41:54,414] {local_task_job.py:273} INFO - 0 downstream tasks scheduled from follow-on schedule check
