[2023-05-29 02:07:32,545] {taskinstance.py:1159} INFO - Dependencies all met for <TaskInstance: ML_data_pipeline_demo.model_training manual__2023-05-29T02:07:29.588890+00:00 [queued]>
[2023-05-29 02:07:32,562] {taskinstance.py:1159} INFO - Dependencies all met for <TaskInstance: ML_data_pipeline_demo.model_training manual__2023-05-29T02:07:29.588890+00:00 [queued]>
[2023-05-29 02:07:32,566] {taskinstance.py:1356} INFO - 
--------------------------------------------------------------------------------
[2023-05-29 02:07:32,567] {taskinstance.py:1357} INFO - Starting attempt 1 of 1
[2023-05-29 02:07:32,568] {taskinstance.py:1358} INFO - 
--------------------------------------------------------------------------------
[2023-05-29 02:07:32,589] {taskinstance.py:1377} INFO - Executing <Task(PythonOperator): model_training> on 2023-05-29 02:07:29.588890+00:00
[2023-05-29 02:07:32,601] {standard_task_runner.py:52} INFO - Started process 22553 to run task
[2023-05-29 02:07:32,613] {standard_task_runner.py:79} INFO - Running: ['***', 'tasks', 'run', 'ML_data_pipeline_demo', 'model_training', 'manual__2023-05-29T02:07:29.588890+00:00', '--job-id', '13', '--raw', '--subdir', 'DAGS_FOLDER/my_dag.py', '--cfg-path', '/tmp/tmp3m7nmgs0', '--error-file', '/tmp/tmpvz05p4xp']
[2023-05-29 02:07:32,615] {standard_task_runner.py:80} INFO - Job 13: Subtask model_training
[2023-05-29 02:07:32,706] {task_command.py:369} INFO - Running <TaskInstance: ML_data_pipeline_demo.model_training manual__2023-05-29T02:07:29.588890+00:00 [running]> on host e6406d4dfe47
[2023-05-29 02:07:32,823] {taskinstance.py:1571} INFO - Exporting the following env vars:
AIRFLOW_CTX_DAG_OWNER=***
AIRFLOW_CTX_DAG_ID=ML_data_pipeline_demo
AIRFLOW_CTX_TASK_ID=model_training
AIRFLOW_CTX_EXECUTION_DATE=2023-05-29T02:07:29.588890+00:00
AIRFLOW_CTX_TRY_NUMBER=1
AIRFLOW_CTX_DAG_RUN_ID=manual__2023-05-29T02:07:29.588890+00:00
[2023-05-29 02:07:41,930] {python.py:173} INFO - Done. Returned value was: None
[2023-05-29 02:07:41,957] {taskinstance.py:1400} INFO - Marking task as SUCCESS. dag_id=ML_data_pipeline_demo, task_id=model_training, execution_date=20230529T020729, start_date=20230529T020732, end_date=20230529T020741
[2023-05-29 02:07:42,192] {local_task_job.py:156} INFO - Task exited with return code 0
[2023-05-29 02:07:42,239] {local_task_job.py:273} INFO - 0 downstream tasks scheduled from follow-on schedule check
