[2023-05-29 02:13:12,293] {taskinstance.py:1159} INFO - Dependencies all met for <TaskInstance: ML_data_pipeline_demo.model_training manual__2023-05-29T02:13:08.882472+00:00 [queued]>
[2023-05-29 02:13:12,312] {taskinstance.py:1159} INFO - Dependencies all met for <TaskInstance: ML_data_pipeline_demo.model_training manual__2023-05-29T02:13:08.882472+00:00 [queued]>
[2023-05-29 02:13:12,314] {taskinstance.py:1356} INFO - 
--------------------------------------------------------------------------------
[2023-05-29 02:13:12,315] {taskinstance.py:1357} INFO - Starting attempt 1 of 1
[2023-05-29 02:13:12,317] {taskinstance.py:1358} INFO - 
--------------------------------------------------------------------------------
[2023-05-29 02:13:12,352] {taskinstance.py:1377} INFO - Executing <Task(PythonOperator): model_training> on 2023-05-29 02:13:08.882472+00:00
[2023-05-29 02:13:12,369] {standard_task_runner.py:52} INFO - Started process 22766 to run task
[2023-05-29 02:13:12,379] {standard_task_runner.py:79} INFO - Running: ['***', 'tasks', 'run', 'ML_data_pipeline_demo', 'model_training', 'manual__2023-05-29T02:13:08.882472+00:00', '--job-id', '15', '--raw', '--subdir', 'DAGS_FOLDER/my_dag.py', '--cfg-path', '/tmp/tmpe5c270rp', '--error-file', '/tmp/tmp7j88chyx']
[2023-05-29 02:13:12,383] {standard_task_runner.py:80} INFO - Job 15: Subtask model_training
[2023-05-29 02:13:12,488] {task_command.py:369} INFO - Running <TaskInstance: ML_data_pipeline_demo.model_training manual__2023-05-29T02:13:08.882472+00:00 [running]> on host e6406d4dfe47
[2023-05-29 02:13:12,629] {taskinstance.py:1571} INFO - Exporting the following env vars:
AIRFLOW_CTX_DAG_OWNER=***
AIRFLOW_CTX_DAG_ID=ML_data_pipeline_demo
AIRFLOW_CTX_TASK_ID=model_training
AIRFLOW_CTX_EXECUTION_DATE=2023-05-29T02:13:08.882472+00:00
AIRFLOW_CTX_TRY_NUMBER=1
AIRFLOW_CTX_DAG_RUN_ID=manual__2023-05-29T02:13:08.882472+00:00
[2023-05-29 02:13:18,786] {python.py:173} INFO - Done. Returned value was: None
[2023-05-29 02:13:18,813] {taskinstance.py:1400} INFO - Marking task as SUCCESS. dag_id=ML_data_pipeline_demo, task_id=model_training, execution_date=20230529T021308, start_date=20230529T021312, end_date=20230529T021318
[2023-05-29 02:13:19,050] {local_task_job.py:156} INFO - Task exited with return code 0
[2023-05-29 02:13:19,096] {local_task_job.py:273} INFO - 0 downstream tasks scheduled from follow-on schedule check
