[2023-05-29 01:22:39,412] {taskinstance.py:1159} INFO - Dependencies all met for <TaskInstance: ML_data_pipeline_demo.feature_engineering manual__2023-05-29T01:12:03.813362+00:00 [queued]>
[2023-05-29 01:22:39,434] {taskinstance.py:1159} INFO - Dependencies all met for <TaskInstance: ML_data_pipeline_demo.feature_engineering manual__2023-05-29T01:12:03.813362+00:00 [queued]>
[2023-05-29 01:22:39,435] {taskinstance.py:1356} INFO - 
--------------------------------------------------------------------------------
[2023-05-29 01:22:39,437] {taskinstance.py:1357} INFO - Starting attempt 1 of 1
[2023-05-29 01:22:39,439] {taskinstance.py:1358} INFO - 
--------------------------------------------------------------------------------
[2023-05-29 01:22:39,485] {taskinstance.py:1377} INFO - Executing <Task(PythonOperator): feature_engineering> on 2023-05-29 01:12:03.813362+00:00
[2023-05-29 01:22:39,497] {standard_task_runner.py:52} INFO - Started process 19590 to run task
[2023-05-29 01:22:39,511] {standard_task_runner.py:79} INFO - Running: ['***', 'tasks', 'run', 'ML_data_pipeline_demo', 'feature_engineering', 'manual__2023-05-29T01:12:03.813362+00:00', '--job-id', '10', '--raw', '--subdir', 'DAGS_FOLDER/my_dag.py', '--cfg-path', '/tmp/tmpci4gs04i', '--error-file', '/tmp/tmp_mrw1cxj']
[2023-05-29 01:22:39,514] {standard_task_runner.py:80} INFO - Job 10: Subtask feature_engineering
[2023-05-29 01:22:39,625] {task_command.py:369} INFO - Running <TaskInstance: ML_data_pipeline_demo.feature_engineering manual__2023-05-29T01:12:03.813362+00:00 [running]> on host e6406d4dfe47
[2023-05-29 01:22:39,777] {taskinstance.py:1571} INFO - Exporting the following env vars:
AIRFLOW_CTX_DAG_OWNER=***
AIRFLOW_CTX_DAG_ID=ML_data_pipeline_demo
AIRFLOW_CTX_TASK_ID=feature_engineering
AIRFLOW_CTX_EXECUTION_DATE=2023-05-29T01:12:03.813362+00:00
AIRFLOW_CTX_TRY_NUMBER=1
AIRFLOW_CTX_DAG_RUN_ID=manual__2023-05-29T01:12:03.813362+00:00
[2023-05-29 01:24:30,222] {python.py:173} INFO - Done. Returned value was: None
[2023-05-29 01:24:30,253] {taskinstance.py:1400} INFO - Marking task as SUCCESS. dag_id=ML_data_pipeline_demo, task_id=feature_engineering, execution_date=20230529T011203, start_date=20230529T012239, end_date=20230529T012430
[2023-05-29 01:24:30,321] {local_task_job.py:156} INFO - Task exited with return code 0
[2023-05-29 01:24:30,365] {local_task_job.py:273} INFO - 1 downstream tasks scheduled from follow-on schedule check
