[2023-05-29 00:22:53,805] {taskinstance.py:1159} INFO - Dependencies all met for <TaskInstance: ML_data_pipeline_demo.download_raw_data manual__2023-05-29T00:22:49.432050+00:00 [queued]>
[2023-05-29 00:22:53,820] {taskinstance.py:1159} INFO - Dependencies all met for <TaskInstance: ML_data_pipeline_demo.download_raw_data manual__2023-05-29T00:22:49.432050+00:00 [queued]>
[2023-05-29 00:22:53,822] {taskinstance.py:1356} INFO - 
--------------------------------------------------------------------------------
[2023-05-29 00:22:53,823] {taskinstance.py:1357} INFO - Starting attempt 1 of 1
[2023-05-29 00:22:53,824] {taskinstance.py:1358} INFO - 
--------------------------------------------------------------------------------
[2023-05-29 00:22:53,848] {taskinstance.py:1377} INFO - Executing <Task(PythonOperator): download_raw_data> on 2023-05-29 00:22:49.432050+00:00
[2023-05-29 00:22:53,864] {standard_task_runner.py:52} INFO - Started process 571 to run task
[2023-05-29 00:22:53,871] {standard_task_runner.py:79} INFO - Running: ['***', 'tasks', 'run', 'ML_data_pipeline_demo', 'download_raw_data', 'manual__2023-05-29T00:22:49.432050+00:00', '--job-id', '2', '--raw', '--subdir', 'DAGS_FOLDER/my_dag.py', '--cfg-path', '/tmp/tmp2vlc0ijt', '--error-file', '/tmp/tmpjtu7pkdh']
[2023-05-29 00:22:53,879] {standard_task_runner.py:80} INFO - Job 2: Subtask download_raw_data
[2023-05-29 00:22:53,986] {task_command.py:369} INFO - Running <TaskInstance: ML_data_pipeline_demo.download_raw_data manual__2023-05-29T00:22:49.432050+00:00 [running]> on host e6406d4dfe47
[2023-05-29 00:22:54,135] {taskinstance.py:1571} INFO - Exporting the following env vars:
AIRFLOW_CTX_DAG_OWNER=***
AIRFLOW_CTX_DAG_ID=ML_data_pipeline_demo
AIRFLOW_CTX_TASK_ID=download_raw_data
AIRFLOW_CTX_EXECUTION_DATE=2023-05-29T00:22:49.432050+00:00
AIRFLOW_CTX_TRY_NUMBER=1
AIRFLOW_CTX_DAG_RUN_ID=manual__2023-05-29T00:22:49.432050+00:00
[2023-05-29 00:28:21,734] {python.py:173} INFO - Done. Returned value was: None
[2023-05-29 00:28:21,806] {taskinstance.py:1400} INFO - Marking task as SUCCESS. dag_id=ML_data_pipeline_demo, task_id=download_raw_data, execution_date=20230529T002249, start_date=20230529T002253, end_date=20230529T002821
[2023-05-29 00:28:22,107] {local_task_job.py:156} INFO - Task exited with return code 0
[2023-05-29 00:28:22,211] {local_task_job.py:273} INFO - 1 downstream tasks scheduled from follow-on schedule check
