[2023-05-30 01:09:28,292] {manager.py:474} INFO - Processing files using up to 2 processes at a time 
[2023-05-30 01:09:28,294] {manager.py:475} INFO - Process each file at most once every 30 seconds
[2023-05-30 01:09:28,298] {manager.py:477} INFO - Checking for new files in /opt/airflow/dags every 300 seconds
[2023-05-30 01:09:28,302] {manager.py:684} INFO - Searching for files in /opt/airflow/dags
[2023-05-30 01:09:28,452] {manager.py:687} INFO - There are 1 files in /opt/airflow/dags
[2023-05-30 01:09:28,592] {manager.py:803} INFO - 
================================================================================
DAG File Processing Stats

File Path                      PID  Runtime      # DAGs    # Errors  Last Runtime    Last Run
---------------------------  -----  ---------  --------  ----------  --------------  ----------
/opt/airflow/dags/my_dag.py    177  0.05s             0           0
================================================================================
[2023-05-30 01:09:58,705] {manager.py:803} INFO - 
================================================================================
DAG File Processing Stats

File Path                    PID    Runtime      # DAGs    # Errors  Last Runtime    Last Run
---------------------------  -----  ---------  --------  ----------  --------------  -------------------
/opt/airflow/dags/my_dag.py                           1           0  2.11s           2023-05-30T01:09:30
================================================================================
[2023-05-30 01:10:28,881] {manager.py:803} INFO - 
================================================================================
DAG File Processing Stats

File Path                    PID    Runtime      # DAGs    # Errors  Last Runtime    Last Run
---------------------------  -----  ---------  --------  ----------  --------------  -------------------
/opt/airflow/dags/my_dag.py                           1           0  1.57s           2023-05-30T01:10:02
================================================================================
[2023-05-30 01:10:59,473] {manager.py:803} INFO - 
================================================================================
DAG File Processing Stats

File Path                    PID    Runtime      # DAGs    # Errors  Last Runtime    Last Run
---------------------------  -----  ---------  --------  ----------  --------------  -------------------
/opt/airflow/dags/my_dag.py                           1           0  1.16s           2023-05-30T01:10:33
================================================================================
[2023-05-30 01:11:29,745] {manager.py:803} INFO - 
================================================================================
DAG File Processing Stats

File Path                    PID    Runtime      # DAGs    # Errors  Last Runtime    Last Run
---------------------------  -----  ---------  --------  ----------  --------------  -------------------
/opt/airflow/dags/my_dag.py                           1           0  1.27s           2023-05-30T01:11:04
================================================================================
[2023-05-30 01:11:59,930] {manager.py:803} INFO - 
================================================================================
DAG File Processing Stats

File Path                    PID    Runtime      # DAGs    # Errors  Last Runtime    Last Run
---------------------------  -----  ---------  --------  ----------  --------------  -------------------
/opt/airflow/dags/my_dag.py                           1           0  1.21s           2023-05-30T01:11:36
================================================================================
[2023-05-30 01:12:30,328] {manager.py:803} INFO - 
================================================================================
DAG File Processing Stats

File Path                    PID    Runtime      # DAGs    # Errors  Last Runtime    Last Run
---------------------------  -----  ---------  --------  ----------  --------------  -------------------
/opt/airflow/dags/my_dag.py                           1           0  7.47s           2023-05-30T01:12:14
================================================================================
[2023-05-30 01:13:00,572] {manager.py:803} INFO - 
================================================================================
DAG File Processing Stats

File Path                    PID    Runtime      # DAGs    # Errors  Last Runtime    Last Run
---------------------------  -----  ---------  --------  ----------  --------------  -------------------
/opt/airflow/dags/my_dag.py                           1           0  3.05s           2023-05-30T01:12:47
================================================================================
[2023-05-30 01:13:30,950] {manager.py:803} INFO - 
================================================================================
DAG File Processing Stats

File Path                    PID    Runtime      # DAGs    # Errors  Last Runtime    Last Run
---------------------------  -----  ---------  --------  ----------  --------------  -------------------
/opt/airflow/dags/my_dag.py                           1           0  4.28s           2023-05-30T01:13:22
================================================================================
[2023-05-30 01:14:01,098] {manager.py:803} INFO - 
================================================================================
DAG File Processing Stats

File Path                    PID    Runtime      # DAGs    # Errors  Last Runtime    Last Run
---------------------------  -----  ---------  --------  ----------  --------------  -------------------
/opt/airflow/dags/my_dag.py                           1           0  3.84s           2023-05-30T01:13:56
================================================================================
[2023-05-30 01:14:28,858] {manager.py:684} INFO - Searching for files in /opt/airflow/dags
[2023-05-30 01:14:29,138] {manager.py:687} INFO - There are 1 files in /opt/airflow/dags
[2023-05-30 01:14:31,288] {manager.py:803} INFO - 
================================================================================
DAG File Processing Stats

File Path                    PID    Runtime      # DAGs    # Errors  Last Runtime    Last Run
---------------------------  -----  ---------  --------  ----------  --------------  -------------------
/opt/airflow/dags/my_dag.py                           1           0  4.55s           2023-05-30T01:14:30
================================================================================
[2023-05-30 01:15:01,335] {manager.py:803} INFO - 
================================================================================
DAG File Processing Stats

File Path                      PID  Runtime      # DAGs    # Errors  Last Runtime    Last Run
---------------------------  -----  ---------  --------  ----------  --------------  -------------------
/opt/airflow/dags/my_dag.py    363  0.20s             1           0  4.55s           2023-05-30T01:14:30
================================================================================
[2023-05-30 01:15:31,504] {manager.py:803} INFO - 
================================================================================
DAG File Processing Stats

File Path                    PID    Runtime      # DAGs    # Errors  Last Runtime    Last Run
---------------------------  -----  ---------  --------  ----------  --------------  -------------------
/opt/airflow/dags/my_dag.py                           1           0  5.38s           2023-05-30T01:15:06
================================================================================
[2023-05-30 01:16:01,547] {manager.py:803} INFO - 
================================================================================
DAG File Processing Stats

File Path                    PID    Runtime      # DAGs    # Errors  Last Runtime    Last Run
---------------------------  -----  ---------  --------  ----------  --------------  -------------------
/opt/airflow/dags/my_dag.py                           1           0  5.77s           2023-05-30T01:15:42
================================================================================
[2023-05-30 01:16:31,623] {manager.py:803} INFO - 
================================================================================
DAG File Processing Stats

File Path                    PID    Runtime      # DAGs    # Errors  Last Runtime    Last Run
---------------------------  -----  ---------  --------  ----------  --------------  -------------------
/opt/airflow/dags/my_dag.py                           1           0  5.81s           2023-05-30T01:16:18
================================================================================
[2023-05-30 01:17:01,781] {manager.py:803} INFO - 
================================================================================
DAG File Processing Stats

File Path                    PID    Runtime      # DAGs    # Errors  Last Runtime    Last Run
---------------------------  -----  ---------  --------  ----------  --------------  -------------------
/opt/airflow/dags/my_dag.py                           1           0  9.82s           2023-05-30T01:16:58
================================================================================
[2023-05-30 01:17:31,884] {manager.py:803} INFO - 
================================================================================
DAG File Processing Stats

File Path                      PID  Runtime      # DAGs    # Errors  Last Runtime    Last Run
---------------------------  -----  ---------  --------  ----------  --------------  -------------------
/opt/airflow/dags/my_dag.py    427  3.32s             1           0  9.82s           2023-05-30T01:16:58
================================================================================
[2023-05-30 01:18:01,920] {manager.py:803} INFO - 
================================================================================
DAG File Processing Stats

File Path                    PID    Runtime      # DAGs    # Errors  Last Runtime    Last Run
---------------------------  -----  ---------  --------  ----------  --------------  -------------------
/opt/airflow/dags/my_dag.py                           1           0  3.84s           2023-05-30T01:17:32
================================================================================
[2023-05-30 01:18:32,505] {manager.py:803} INFO - 
================================================================================
DAG File Processing Stats

File Path                    PID    Runtime      # DAGs    # Errors  Last Runtime    Last Run
---------------------------  -----  ---------  --------  ----------  --------------  -------------------
/opt/airflow/dags/my_dag.py                           1           0  4.17s           2023-05-30T01:18:06
================================================================================
[2023-05-30 01:19:02,739] {manager.py:803} INFO - 
================================================================================
DAG File Processing Stats

File Path                    PID    Runtime      # DAGs    # Errors  Last Runtime    Last Run
---------------------------  -----  ---------  --------  ----------  --------------  -------------------
/opt/airflow/dags/my_dag.py                           1           0  4.64s           2023-05-30T01:18:41
================================================================================
[2023-05-30 01:19:29,155] {manager.py:684} INFO - Searching for files in /opt/airflow/dags
[2023-05-30 01:19:29,363] {manager.py:687} INFO - There are 1 files in /opt/airflow/dags
[2023-05-30 01:19:32,796] {manager.py:803} INFO - 
================================================================================
DAG File Processing Stats

File Path                    PID    Runtime      # DAGs    # Errors  Last Runtime    Last Run
---------------------------  -----  ---------  --------  ----------  --------------  -------------------
/opt/airflow/dags/my_dag.py                           1           0  4.77s           2023-05-30T01:19:16
================================================================================
[2023-05-30 01:20:03,557] {manager.py:803} INFO - 
================================================================================
DAG File Processing Stats

File Path                    PID    Runtime      # DAGs    # Errors  Last Runtime    Last Run
---------------------------  -----  ---------  --------  ----------  --------------  -------------------
/opt/airflow/dags/my_dag.py                           1           0  4.14s           2023-05-30T01:19:50
================================================================================
[2023-05-30 01:20:33,682] {manager.py:803} INFO - 
================================================================================
DAG File Processing Stats

File Path                    PID    Runtime      # DAGs    # Errors  Last Runtime    Last Run
---------------------------  -----  ---------  --------  ----------  --------------  -------------------
/opt/airflow/dags/my_dag.py                           1           0  5.24s           2023-05-30T01:20:25
================================================================================
[2023-05-30 01:21:04,020] {manager.py:803} INFO - 
================================================================================
DAG File Processing Stats

File Path                    PID    Runtime      # DAGs    # Errors  Last Runtime    Last Run
---------------------------  -----  ---------  --------  ----------  --------------  -------------------
/opt/airflow/dags/my_dag.py                           1           0  5.31s           2023-05-30T01:21:01
================================================================================
[2023-05-30 01:21:34,093] {manager.py:803} INFO - 
================================================================================
DAG File Processing Stats

File Path                      PID  Runtime      # DAGs    # Errors  Last Runtime    Last Run
---------------------------  -----  ---------  --------  ----------  --------------  -------------------
/opt/airflow/dags/my_dag.py   3561  2.71s             1           0  5.31s           2023-05-30T01:21:01
================================================================================
[2023-05-30 01:22:04,461] {manager.py:803} INFO - 
================================================================================
DAG File Processing Stats

File Path                    PID    Runtime      # DAGs    # Errors  Last Runtime    Last Run
---------------------------  -----  ---------  --------  ----------  --------------  -------------------
/opt/airflow/dags/my_dag.py                           1           0  4.19s           2023-05-30T01:21:35
================================================================================
[2023-05-30 01:22:34,738] {manager.py:803} INFO - 
================================================================================
DAG File Processing Stats

File Path                    PID    Runtime      # DAGs    # Errors  Last Runtime    Last Run
---------------------------  -----  ---------  --------  ----------  --------------  -------------------
/opt/airflow/dags/my_dag.py                           1           0  4.27s           2023-05-30T01:22:09
================================================================================
[2023-05-30 01:23:05,077] {manager.py:803} INFO - 
================================================================================
DAG File Processing Stats

File Path                    PID    Runtime      # DAGs    # Errors  Last Runtime    Last Run
---------------------------  -----  ---------  --------  ----------  --------------  -------------------
/opt/airflow/dags/my_dag.py                           1           0  5.37s           2023-05-30T01:22:45
================================================================================
[2023-05-30 01:23:35,082] {manager.py:803} INFO - 
================================================================================
DAG File Processing Stats

File Path                    PID    Runtime      # DAGs    # Errors  Last Runtime    Last Run
---------------------------  -----  ---------  --------  ----------  --------------  -------------------
/opt/airflow/dags/my_dag.py                           1           0  4.65s           2023-05-30T01:23:20
================================================================================
[2023-05-30 01:24:05,165] {manager.py:803} INFO - 
================================================================================
DAG File Processing Stats

File Path                    PID    Runtime      # DAGs    # Errors  Last Runtime    Last Run
---------------------------  -----  ---------  --------  ----------  --------------  -------------------
/opt/airflow/dags/my_dag.py                           1           0  5.06s           2023-05-30T01:23:55
================================================================================
[2023-05-30 01:24:29,247] {manager.py:684} INFO - Searching for files in /opt/airflow/dags
[2023-05-30 01:24:29,393] {manager.py:687} INFO - There are 1 files in /opt/airflow/dags
[2023-05-30 01:24:35,156] {manager.py:803} INFO - 
================================================================================
DAG File Processing Stats

File Path                    PID    Runtime      # DAGs    # Errors  Last Runtime    Last Run
---------------------------  -----  ---------  --------  ----------  --------------  -------------------
/opt/airflow/dags/my_dag.py                           1           0  4.90s           2023-05-30T01:24:30
================================================================================
[2023-05-30 01:25:05,235] {manager.py:803} INFO - 
================================================================================
DAG File Processing Stats

File Path                    PID    Runtime      # DAGs    # Errors  Last Runtime    Last Run
---------------------------  -----  ---------  --------  ----------  --------------  -------------------
/opt/airflow/dags/my_dag.py                           1           0  4.26s           2023-05-30T01:25:04
================================================================================
[2023-05-30 01:25:35,300] {manager.py:803} INFO - 
================================================================================
DAG File Processing Stats

File Path                      PID  Runtime      # DAGs    # Errors  Last Runtime    Last Run
---------------------------  -----  ---------  --------  ----------  --------------  -------------------
/opt/airflow/dags/my_dag.py   7307  0.80s             1           0  4.26s           2023-05-30T01:25:04
================================================================================
[2023-05-30 01:26:05,588] {manager.py:803} INFO - 
================================================================================
DAG File Processing Stats

File Path                    PID    Runtime      # DAGs    # Errors  Last Runtime    Last Run
---------------------------  -----  ---------  --------  ----------  --------------  -------------------
/opt/airflow/dags/my_dag.py                           1           0  4.04s           2023-05-30T01:25:38
================================================================================
[2023-05-30 01:26:35,720] {manager.py:803} INFO - 
================================================================================
DAG File Processing Stats

File Path                    PID    Runtime      # DAGs    # Errors  Last Runtime    Last Run
---------------------------  -----  ---------  --------  ----------  --------------  -------------------
/opt/airflow/dags/my_dag.py                           1           0  4.33s           2023-05-30T01:26:12
================================================================================
[2023-05-30 01:27:06,107] {manager.py:803} INFO - 
================================================================================
DAG File Processing Stats

File Path                    PID    Runtime      # DAGs    # Errors  Last Runtime    Last Run
---------------------------  -----  ---------  --------  ----------  --------------  -------------------
/opt/airflow/dags/my_dag.py                           1           0  5.30s           2023-05-30T01:26:48
================================================================================
[2023-05-30 01:27:36,441] {manager.py:803} INFO - 
================================================================================
DAG File Processing Stats

File Path                    PID    Runtime      # DAGs    # Errors  Last Runtime    Last Run
---------------------------  -----  ---------  --------  ----------  --------------  -------------------
/opt/airflow/dags/my_dag.py                           1           0  5.08s           2023-05-30T01:27:23
================================================================================
[2023-05-30 01:28:06,530] {manager.py:803} INFO - 
================================================================================
DAG File Processing Stats

File Path                    PID    Runtime      # DAGs    # Errors  Last Runtime    Last Run
---------------------------  -----  ---------  --------  ----------  --------------  -------------------
/opt/airflow/dags/my_dag.py                           1           0  4.33s           2023-05-30T01:27:57
================================================================================
[2023-05-30 01:28:36,433] {manager.py:803} INFO - 
================================================================================
DAG File Processing Stats

File Path                    PID    Runtime      # DAGs    # Errors  Last Runtime    Last Run
---------------------------  -----  ---------  --------  ----------  --------------  -------------------
/opt/airflow/dags/my_dag.py                           1           0  4.79s           2023-05-30T01:28:32
================================================================================
[2023-05-30 01:29:06,699] {manager.py:803} INFO - 
================================================================================
DAG File Processing Stats

File Path                      PID  Runtime      # DAGs    # Errors  Last Runtime    Last Run
---------------------------  -----  ---------  --------  ----------  --------------  -------------------
/opt/airflow/dags/my_dag.py  10419  3.74s             1           0  4.79s           2023-05-30T01:28:32
================================================================================
[2023-05-30 01:29:30,005] {manager.py:684} INFO - Searching for files in /opt/airflow/dags
[2023-05-30 01:29:30,218] {manager.py:687} INFO - There are 1 files in /opt/airflow/dags
[2023-05-30 01:29:37,378] {manager.py:803} INFO - 
================================================================================
DAG File Processing Stats

File Path                      PID  Runtime      # DAGs    # Errors  Last Runtime    Last Run
---------------------------  -----  ---------  --------  ----------  --------------  -------------------
/opt/airflow/dags/my_dag.py  10917  0.04s             1           0  4.19s           2023-05-30T01:29:07
================================================================================
[2023-05-30 01:30:07,476] {manager.py:803} INFO - 
================================================================================
DAG File Processing Stats

File Path                    PID    Runtime      # DAGs    # Errors  Last Runtime    Last Run
---------------------------  -----  ---------  --------  ----------  --------------  -------------------
/opt/airflow/dags/my_dag.py                           1           0  4.75s           2023-05-30T01:29:42
================================================================================
[2023-05-30 01:30:37,539] {manager.py:803} INFO - 
================================================================================
DAG File Processing Stats

File Path                    PID    Runtime      # DAGs    # Errors  Last Runtime    Last Run
---------------------------  -----  ---------  --------  ----------  --------------  -------------------
/opt/airflow/dags/my_dag.py                           1           0  4.34s           2023-05-30T01:30:16
================================================================================
[2023-05-30 01:31:07,596] {manager.py:803} INFO - 
================================================================================
DAG File Processing Stats

File Path                    PID    Runtime      # DAGs    # Errors  Last Runtime    Last Run
---------------------------  -----  ---------  --------  ----------  --------------  -------------------
/opt/airflow/dags/my_dag.py                           1           0  4.66s           2023-05-30T01:30:51
================================================================================
[2023-05-30 01:31:37,666] {manager.py:803} INFO - 
================================================================================
DAG File Processing Stats

File Path                    PID    Runtime      # DAGs    # Errors  Last Runtime    Last Run
---------------------------  -----  ---------  --------  ----------  --------------  -------------------
/opt/airflow/dags/my_dag.py                           1           0  4.66s           2023-05-30T01:31:25
================================================================================
[2023-05-30 01:32:07,727] {manager.py:803} INFO - 
================================================================================
DAG File Processing Stats

File Path                    PID    Runtime      # DAGs    # Errors  Last Runtime    Last Run
---------------------------  -----  ---------  --------  ----------  --------------  -------------------
/opt/airflow/dags/my_dag.py                           1           0  4.79s           2023-05-30T01:32:00
================================================================================
[2023-05-30 01:32:37,997] {manager.py:803} INFO - 
================================================================================
DAG File Processing Stats

File Path                    PID    Runtime      # DAGs    # Errors  Last Runtime    Last Run
---------------------------  -----  ---------  --------  ----------  --------------  -------------------
/opt/airflow/dags/my_dag.py                           1           0  1.40s           2023-05-30T01:32:32
================================================================================
[2023-05-30 01:33:08,132] {manager.py:803} INFO - 
================================================================================
DAG File Processing Stats

File Path                    PID    Runtime      # DAGs    # Errors  Last Runtime    Last Run
---------------------------  -----  ---------  --------  ----------  --------------  -------------------
/opt/airflow/dags/my_dag.py                           1           0  4.71s           2023-05-30T01:33:07
================================================================================
[2023-05-30 01:33:38,202] {manager.py:803} INFO - 
================================================================================
DAG File Processing Stats

File Path                      PID  Runtime      # DAGs    # Errors  Last Runtime    Last Run
---------------------------  -----  ---------  --------  ----------  --------------  -------------------
/opt/airflow/dags/my_dag.py  15175  1.02s             1           0  4.71s           2023-05-30T01:33:07
================================================================================
[2023-05-30 01:34:08,265] {manager.py:803} INFO - 
================================================================================
DAG File Processing Stats

File Path                    PID    Runtime      # DAGs    # Errors  Last Runtime    Last Run
---------------------------  -----  ---------  --------  ----------  --------------  -------------------
/opt/airflow/dags/my_dag.py                           1           0  4.23s           2023-05-30T01:33:41
================================================================================
[2023-05-30 01:34:30,277] {manager.py:684} INFO - Searching for files in /opt/airflow/dags
[2023-05-30 01:34:30,467] {manager.py:687} INFO - There are 1 files in /opt/airflow/dags
[2023-05-30 01:34:38,552] {manager.py:803} INFO - 
================================================================================
DAG File Processing Stats

File Path                    PID    Runtime      # DAGs    # Errors  Last Runtime    Last Run
---------------------------  -----  ---------  --------  ----------  --------------  -------------------
/opt/airflow/dags/my_dag.py                           1           0  4.83s           2023-05-30T01:34:16
================================================================================
[2023-05-30 01:35:08,688] {manager.py:803} INFO - 
================================================================================
DAG File Processing Stats

File Path                    PID    Runtime      # DAGs    # Errors  Last Runtime    Last Run
---------------------------  -----  ---------  --------  ----------  --------------  -------------------
/opt/airflow/dags/my_dag.py                           1           0  4.13s           2023-05-30T01:34:50
================================================================================
[2023-05-30 01:35:38,767] {manager.py:803} INFO - 
================================================================================
DAG File Processing Stats

File Path                    PID    Runtime      # DAGs    # Errors  Last Runtime    Last Run
---------------------------  -----  ---------  --------  ----------  --------------  -------------------
/opt/airflow/dags/my_dag.py                           1           0  4.44s           2023-05-30T01:35:25
================================================================================
[2023-05-30 01:36:08,913] {manager.py:803} INFO - 
================================================================================
DAG File Processing Stats

File Path                    PID    Runtime      # DAGs    # Errors  Last Runtime    Last Run
---------------------------  -----  ---------  --------  ----------  --------------  -------------------
/opt/airflow/dags/my_dag.py                           1           0  4.85s           2023-05-30T01:36:00
================================================================================
[2023-05-30 01:36:39,219] {manager.py:803} INFO - 
================================================================================
DAG File Processing Stats

File Path                    PID    Runtime      # DAGs    # Errors  Last Runtime    Last Run
---------------------------  -----  ---------  --------  ----------  --------------  -------------------
/opt/airflow/dags/my_dag.py                           1           0  4.46s           2023-05-30T01:36:34
================================================================================
[2023-05-30 01:37:09,203] {manager.py:803} INFO - 
================================================================================
DAG File Processing Stats

File Path                    PID    Runtime      # DAGs    # Errors  Last Runtime    Last Run
---------------------------  -----  ---------  --------  ----------  --------------  -------------------
/opt/airflow/dags/my_dag.py                           1           0  4.51s           2023-05-30T01:37:09
================================================================================
[2023-05-30 01:37:39,273] {manager.py:803} INFO - 
================================================================================
DAG File Processing Stats

File Path                      PID  Runtime      # DAGs    # Errors  Last Runtime    Last Run
---------------------------  -----  ---------  --------  ----------  --------------  -------------------
/opt/airflow/dags/my_dag.py  23913  0.01s             1           0  4.51s           2023-05-30T01:37:09
================================================================================
[2023-05-30 01:38:09,410] {manager.py:803} INFO - 
================================================================================
DAG File Processing Stats

File Path                    PID    Runtime      # DAGs    # Errors  Last Runtime    Last Run
---------------------------  -----  ---------  --------  ----------  --------------  -------------------
/opt/airflow/dags/my_dag.py                           1           0  4.30s           2023-05-30T01:37:43
================================================================================
[2023-05-30 01:38:39,829] {manager.py:803} INFO - 
================================================================================
DAG File Processing Stats

File Path                    PID    Runtime      # DAGs    # Errors  Last Runtime    Last Run
---------------------------  -----  ---------  --------  ----------  --------------  -------------------
/opt/airflow/dags/my_dag.py                           1           0  7.27s           2023-05-30T01:38:20
================================================================================
[2023-05-30 01:39:09,958] {manager.py:803} INFO - 
================================================================================
DAG File Processing Stats

File Path                    PID    Runtime      # DAGs    # Errors  Last Runtime    Last Run
---------------------------  -----  ---------  --------  ----------  --------------  -------------------
/opt/airflow/dags/my_dag.py                           1           0  5.60s           2023-05-30T01:38:56
================================================================================
[2023-05-30 01:39:31,023] {manager.py:684} INFO - Searching for files in /opt/airflow/dags
[2023-05-30 01:39:31,094] {manager.py:687} INFO - There are 1 files in /opt/airflow/dags
[2023-05-30 01:39:40,224] {manager.py:803} INFO - 
================================================================================
DAG File Processing Stats

File Path                    PID    Runtime      # DAGs    # Errors  Last Runtime    Last Run
---------------------------  -----  ---------  --------  ----------  --------------  -------------------
/opt/airflow/dags/my_dag.py                           1           0  1.56s           2023-05-30T01:39:28
================================================================================
[2023-05-30 01:40:10,354] {manager.py:803} INFO - 
================================================================================
DAG File Processing Stats

File Path                    PID    Runtime      # DAGs    # Errors  Last Runtime    Last Run
---------------------------  -----  ---------  --------  ----------  --------------  -------------------
/opt/airflow/dags/my_dag.py                           1           0  2.89s           2023-05-30T01:40:01
================================================================================
[2023-05-30 01:40:40,429] {manager.py:803} INFO - 
================================================================================
DAG File Processing Stats

File Path                    PID    Runtime      # DAGs    # Errors  Last Runtime    Last Run
---------------------------  -----  ---------  --------  ----------  --------------  -------------------
/opt/airflow/dags/my_dag.py                           1           0  4.28s           2023-05-30T01:40:35
================================================================================
[2023-05-30 01:41:10,495] {manager.py:803} INFO - 
================================================================================
DAG File Processing Stats

File Path                      PID  Runtime      # DAGs    # Errors  Last Runtime    Last Run
---------------------------  -----  ---------  --------  ----------  --------------  -------------------
/opt/airflow/dags/my_dag.py  27428  4.76s             1           0  4.28s           2023-05-30T01:40:35
================================================================================
[2023-05-30 01:41:40,519] {manager.py:803} INFO - 
================================================================================
DAG File Processing Stats

File Path                    PID    Runtime      # DAGs    # Errors  Last Runtime    Last Run
---------------------------  -----  ---------  --------  ----------  --------------  -------------------
/opt/airflow/dags/my_dag.py                           1           0  6.45s           2023-05-30T01:41:12
================================================================================
[2023-05-30 01:42:10,894] {manager.py:803} INFO - 
================================================================================
DAG File Processing Stats

File Path                    PID    Runtime      # DAGs    # Errors  Last Runtime    Last Run
---------------------------  -----  ---------  --------  ----------  --------------  -------------------
/opt/airflow/dags/my_dag.py                           1           0  8.79s           2023-05-30T01:41:51
================================================================================
[2023-05-30 01:42:41,529] {manager.py:803} INFO - 
================================================================================
DAG File Processing Stats

File Path                    PID    Runtime      # DAGs    # Errors  Last Runtime    Last Run
---------------------------  -----  ---------  --------  ----------  --------------  -------------------
/opt/airflow/dags/my_dag.py                           1           0  2.25s           2023-05-30T01:42:23
================================================================================
[2023-05-30 01:43:11,854] {manager.py:803} INFO - 
================================================================================
DAG File Processing Stats

File Path                    PID    Runtime      # DAGs    # Errors  Last Runtime    Last Run
---------------------------  -----  ---------  --------  ----------  --------------  -------------------
/opt/airflow/dags/my_dag.py                           1           0  1.25s           2023-05-30T01:42:55
================================================================================
[2023-05-30 01:43:42,134] {manager.py:803} INFO - 
================================================================================
DAG File Processing Stats

File Path                    PID    Runtime      # DAGs    # Errors  Last Runtime    Last Run
---------------------------  -----  ---------  --------  ----------  --------------  -------------------
/opt/airflow/dags/my_dag.py                           1           0  1.26s           2023-05-30T01:43:26
================================================================================
[2023-05-30 01:44:12,522] {manager.py:803} INFO - 
================================================================================
DAG File Processing Stats

File Path                    PID    Runtime      # DAGs    # Errors  Last Runtime    Last Run
---------------------------  -----  ---------  --------  ----------  --------------  -------------------
/opt/airflow/dags/my_dag.py                           1           0  1.46s           2023-05-30T01:43:57
================================================================================
[2023-05-30 01:44:31,241] {manager.py:684} INFO - Searching for files in /opt/airflow/dags
[2023-05-30 01:44:31,463] {manager.py:687} INFO - There are 1 files in /opt/airflow/dags
[2023-05-30 01:44:42,759] {manager.py:803} INFO - 
================================================================================
DAG File Processing Stats

File Path                    PID    Runtime      # DAGs    # Errors  Last Runtime    Last Run
---------------------------  -----  ---------  --------  ----------  --------------  -------------------
/opt/airflow/dags/my_dag.py                           1           0  4.32s           2023-05-30T01:44:32
================================================================================
[2023-05-30 01:45:12,839] {manager.py:803} INFO - 
================================================================================
DAG File Processing Stats

File Path                    PID    Runtime      # DAGs    # Errors  Last Runtime    Last Run
---------------------------  -----  ---------  --------  ----------  --------------  -------------------
/opt/airflow/dags/my_dag.py                           1           0  1.49s           2023-05-30T01:45:03
================================================================================
[2023-05-30 01:45:43,012] {manager.py:803} INFO - 
================================================================================
DAG File Processing Stats

File Path                    PID    Runtime      # DAGs    # Errors  Last Runtime    Last Run
---------------------------  -----  ---------  --------  ----------  --------------  -------------------
/opt/airflow/dags/my_dag.py                           1           0  1.54s           2023-05-30T01:45:35
================================================================================
