[2023-05-29 00:54:05,553] {taskinstance.py:1159} INFO - Dependencies all met for <TaskInstance: ML_data_pipeline_demo.feature_engineering manual__2023-05-29T00:45:51.647870+00:00 [queued]>
[2023-05-29 00:54:05,573] {taskinstance.py:1159} INFO - Dependencies all met for <TaskInstance: ML_data_pipeline_demo.feature_engineering manual__2023-05-29T00:45:51.647870+00:00 [queued]>
[2023-05-29 00:54:05,575] {taskinstance.py:1356} INFO - 
--------------------------------------------------------------------------------
[2023-05-29 00:54:05,576] {taskinstance.py:1357} INFO - Starting attempt 1 of 1
[2023-05-29 00:54:05,577] {taskinstance.py:1358} INFO - 
--------------------------------------------------------------------------------
[2023-05-29 00:54:05,609] {taskinstance.py:1377} INFO - Executing <Task(PythonOperator): feature_engineering> on 2023-05-29 00:45:51.647870+00:00
[2023-05-29 00:54:05,622] {standard_task_runner.py:52} INFO - Started process 15519 to run task
[2023-05-29 00:54:05,629] {standard_task_runner.py:79} INFO - Running: ['***', 'tasks', 'run', 'ML_data_pipeline_demo', 'feature_engineering', 'manual__2023-05-29T00:45:51.647870+00:00', '--job-id', '6', '--raw', '--subdir', 'DAGS_FOLDER/my_dag.py', '--cfg-path', '/tmp/tmpwmcxkn1y', '--error-file', '/tmp/tmpmms1nplu']
[2023-05-29 00:54:05,631] {standard_task_runner.py:80} INFO - Job 6: Subtask feature_engineering
[2023-05-29 00:54:05,739] {task_command.py:369} INFO - Running <TaskInstance: ML_data_pipeline_demo.feature_engineering manual__2023-05-29T00:45:51.647870+00:00 [running]> on host e6406d4dfe47
[2023-05-29 00:54:05,857] {taskinstance.py:1571} INFO - Exporting the following env vars:
AIRFLOW_CTX_DAG_OWNER=***
AIRFLOW_CTX_DAG_ID=ML_data_pipeline_demo
AIRFLOW_CTX_TASK_ID=feature_engineering
AIRFLOW_CTX_EXECUTION_DATE=2023-05-29T00:45:51.647870+00:00
AIRFLOW_CTX_TRY_NUMBER=1
AIRFLOW_CTX_DAG_RUN_ID=manual__2023-05-29T00:45:51.647870+00:00
[2023-05-29 00:55:51,789] {python.py:173} INFO - Done. Returned value was: None
[2023-05-29 00:55:51,811] {taskinstance.py:1400} INFO - Marking task as SUCCESS. dag_id=ML_data_pipeline_demo, task_id=feature_engineering, execution_date=20230529T004551, start_date=20230529T005405, end_date=20230529T005551
[2023-05-29 00:55:51,913] {local_task_job.py:156} INFO - Task exited with return code 0
[2023-05-29 00:55:51,982] {local_task_job.py:273} INFO - 1 downstream tasks scheduled from follow-on schedule check
