[2023-05-29 00:55:54,103] {taskinstance.py:1159} INFO - Dependencies all met for <TaskInstance: ML_data_pipeline_demo.model_training manual__2023-05-29T00:45:51.647870+00:00 [queued]>
[2023-05-29 00:55:54,118] {taskinstance.py:1159} INFO - Dependencies all met for <TaskInstance: ML_data_pipeline_demo.model_training manual__2023-05-29T00:45:51.647870+00:00 [queued]>
[2023-05-29 00:55:54,120] {taskinstance.py:1356} INFO - 
--------------------------------------------------------------------------------
[2023-05-29 00:55:54,121] {taskinstance.py:1357} INFO - Starting attempt 1 of 1
[2023-05-29 00:55:54,122] {taskinstance.py:1358} INFO - 
--------------------------------------------------------------------------------
[2023-05-29 00:55:54,144] {taskinstance.py:1377} INFO - Executing <Task(PythonOperator): model_training> on 2023-05-29 00:45:51.647870+00:00
[2023-05-29 00:55:54,154] {standard_task_runner.py:52} INFO - Started process 17153 to run task
[2023-05-29 00:55:54,162] {standard_task_runner.py:79} INFO - Running: ['***', 'tasks', 'run', 'ML_data_pipeline_demo', 'model_training', 'manual__2023-05-29T00:45:51.647870+00:00', '--job-id', '7', '--raw', '--subdir', 'DAGS_FOLDER/my_dag.py', '--cfg-path', '/tmp/tmpq2c66cnh', '--error-file', '/tmp/tmpz88b6knz']
[2023-05-29 00:55:54,165] {standard_task_runner.py:80} INFO - Job 7: Subtask model_training
[2023-05-29 00:55:54,258] {task_command.py:369} INFO - Running <TaskInstance: ML_data_pipeline_demo.model_training manual__2023-05-29T00:45:51.647870+00:00 [running]> on host e6406d4dfe47
[2023-05-29 00:55:54,383] {taskinstance.py:1571} INFO - Exporting the following env vars:
AIRFLOW_CTX_DAG_OWNER=***
AIRFLOW_CTX_DAG_ID=ML_data_pipeline_demo
AIRFLOW_CTX_TASK_ID=model_training
AIRFLOW_CTX_EXECUTION_DATE=2023-05-29T00:45:51.647870+00:00
AIRFLOW_CTX_TRY_NUMBER=1
AIRFLOW_CTX_DAG_RUN_ID=manual__2023-05-29T00:45:51.647870+00:00
[2023-05-29 00:56:10,927] {python.py:173} INFO - Done. Returned value was: None
[2023-05-29 00:56:10,961] {taskinstance.py:1400} INFO - Marking task as SUCCESS. dag_id=ML_data_pipeline_demo, task_id=model_training, execution_date=20230529T004551, start_date=20230529T005554, end_date=20230529T005610
[2023-05-29 00:56:11,459] {local_task_job.py:156} INFO - Task exited with return code 0
[2023-05-29 00:56:11,528] {local_task_job.py:273} INFO - 0 downstream tasks scheduled from follow-on schedule check
