[2023-05-29 01:24:32,807] {taskinstance.py:1159} INFO - Dependencies all met for <TaskInstance: ML_data_pipeline_demo.model_training manual__2023-05-29T01:12:03.813362+00:00 [queued]>
[2023-05-29 01:24:32,824] {taskinstance.py:1159} INFO - Dependencies all met for <TaskInstance: ML_data_pipeline_demo.model_training manual__2023-05-29T01:12:03.813362+00:00 [queued]>
[2023-05-29 01:24:32,826] {taskinstance.py:1356} INFO - 
--------------------------------------------------------------------------------
[2023-05-29 01:24:32,827] {taskinstance.py:1357} INFO - Starting attempt 1 of 1
[2023-05-29 01:24:32,828] {taskinstance.py:1358} INFO - 
--------------------------------------------------------------------------------
[2023-05-29 01:24:32,850] {taskinstance.py:1377} INFO - Executing <Task(PythonOperator): model_training> on 2023-05-29 01:12:03.813362+00:00
[2023-05-29 01:24:32,865] {standard_task_runner.py:52} INFO - Started process 21224 to run task
[2023-05-29 01:24:32,875] {standard_task_runner.py:79} INFO - Running: ['***', 'tasks', 'run', 'ML_data_pipeline_demo', 'model_training', 'manual__2023-05-29T01:12:03.813362+00:00', '--job-id', '11', '--raw', '--subdir', 'DAGS_FOLDER/my_dag.py', '--cfg-path', '/tmp/tmp_fjrzyvv', '--error-file', '/tmp/tmpiaowhrfe']
[2023-05-29 01:24:32,878] {standard_task_runner.py:80} INFO - Job 11: Subtask model_training
[2023-05-29 01:24:32,975] {task_command.py:369} INFO - Running <TaskInstance: ML_data_pipeline_demo.model_training manual__2023-05-29T01:12:03.813362+00:00 [running]> on host e6406d4dfe47
[2023-05-29 01:24:33,090] {taskinstance.py:1571} INFO - Exporting the following env vars:
AIRFLOW_CTX_DAG_OWNER=***
AIRFLOW_CTX_DAG_ID=ML_data_pipeline_demo
AIRFLOW_CTX_TASK_ID=model_training
AIRFLOW_CTX_EXECUTION_DATE=2023-05-29T01:12:03.813362+00:00
AIRFLOW_CTX_TRY_NUMBER=1
AIRFLOW_CTX_DAG_RUN_ID=manual__2023-05-29T01:12:03.813362+00:00
[2023-05-29 01:24:57,676] {python.py:173} INFO - Done. Returned value was: None
[2023-05-29 01:24:57,795] {taskinstance.py:1400} INFO - Marking task as SUCCESS. dag_id=ML_data_pipeline_demo, task_id=model_training, execution_date=20230529T011203, start_date=20230529T012432, end_date=20230529T012457
[2023-05-29 01:24:58,625] {local_task_job.py:156} INFO - Task exited with return code 0
[2023-05-29 01:24:58,684] {local_task_job.py:273} INFO - 0 downstream tasks scheduled from follow-on schedule check
