[2023-05-30 01:18:11,251] {taskinstance.py:1159} INFO - Dependencies all met for <TaskInstance: ML_data_pipeline_demo.process_raw_data manual__2023-05-30T01:11:48.916005+00:00 [queued]>
[2023-05-30 01:18:11,266] {taskinstance.py:1159} INFO - Dependencies all met for <TaskInstance: ML_data_pipeline_demo.process_raw_data manual__2023-05-30T01:11:48.916005+00:00 [queued]>
[2023-05-30 01:18:11,268] {taskinstance.py:1356} INFO - 
--------------------------------------------------------------------------------
[2023-05-30 01:18:11,269] {taskinstance.py:1357} INFO - Starting attempt 1 of 1
[2023-05-30 01:18:11,270] {taskinstance.py:1358} INFO - 
--------------------------------------------------------------------------------
[2023-05-30 01:18:11,294] {taskinstance.py:1377} INFO - Executing <Task(PythonOperator): process_raw_data> on 2023-05-30 01:11:48.916005+00:00
[2023-05-30 01:18:11,304] {standard_task_runner.py:52} INFO - Started process 471 to run task
[2023-05-30 01:18:11,316] {standard_task_runner.py:79} INFO - Running: ['***', 'tasks', 'run', 'ML_data_pipeline_demo', 'process_raw_data', 'manual__2023-05-30T01:11:48.916005+00:00', '--job-id', '3', '--raw', '--subdir', 'DAGS_FOLDER/my_dag.py', '--cfg-path', '/tmp/tmpbssq6qh4', '--error-file', '/tmp/tmpofb7q23d']
[2023-05-30 01:18:11,321] {standard_task_runner.py:80} INFO - Job 3: Subtask process_raw_data
[2023-05-30 01:18:11,414] {task_command.py:369} INFO - Running <TaskInstance: ML_data_pipeline_demo.process_raw_data manual__2023-05-30T01:11:48.916005+00:00 [running]> on host f3a1a3497169
[2023-05-30 01:18:11,542] {taskinstance.py:1571} INFO - Exporting the following env vars:
AIRFLOW_CTX_DAG_OWNER=***
AIRFLOW_CTX_DAG_ID=ML_data_pipeline_demo
AIRFLOW_CTX_TASK_ID=process_raw_data
AIRFLOW_CTX_EXECUTION_DATE=2023-05-30T01:11:48.916005+00:00
AIRFLOW_CTX_TRY_NUMBER=1
AIRFLOW_CTX_DAG_RUN_ID=manual__2023-05-30T01:11:48.916005+00:00
[2023-05-30 01:32:41,552] {python.py:173} INFO - Done. Returned value was: None
[2023-05-30 01:32:41,588] {taskinstance.py:1400} INFO - Marking task as SUCCESS. dag_id=ML_data_pipeline_demo, task_id=process_raw_data, execution_date=20230530T011148, start_date=20230530T011811, end_date=20230530T013241
[2023-05-30 01:32:41,739] {local_task_job.py:156} INFO - Task exited with return code 0
[2023-05-30 01:32:41,839] {local_task_job.py:273} INFO - 0 downstream tasks scheduled from follow-on schedule check
